#
# There is insufficient memory for the Java Runtime Environment to continue.
# Native memory allocation (mmap) failed to map 130023424 bytes. Error detail: G1 virtual space
# Possible reasons:
#   The system is out of physical RAM or swap space
#   This process is running with CompressedOops enabled, and the Java Heap may be blocking the growth of the native heap
# Possible solutions:
#   Reduce memory load on the system
#   Increase physical memory or swap space
#   Check if swap backing store is full
#   Decrease Java heap size (-Xmx/-Xms)
#   Decrease number of Java threads
#   Decrease Java thread stack sizes (-Xss)
#   Set larger code cache with -XX:ReservedCodeCacheSize=
#   JVM is running with Unscaled Compressed Oops mode in which the Java heap is
#     placed in the first 4GB address space. The Java Heap base address is the
#     maximum limit for the native heap growth. Please use -XX:HeapBaseMinAddress
#     to set the Java Heap base and to place the Java Heap above 4GB virtual address.
# This output file may be truncated or incomplete.
#
#  Out of Memory Error (os_windows.cpp:3825), pid=43136, tid=30380
#
# JRE version:  (17.0.11) (build )
# Java VM: OpenJDK 64-Bit Server VM (17.0.11+0--11852314, mixed mode, sharing, tiered, compressed oops, compressed class ptrs, g1 gc, windows-amd64)
# No core dump will be written. Minidumps are not enabled by default on client versions of Windows
#

---------------  S U M M A R Y ------------

Command Line: org.jetbrains.kotlin.cli.jvm.K2JVMCompiler @D:\AndroidProject\Instagram\app\build\20240918_15099053802428008696.compiler.options

Host: 11th Gen Intel(R) Core(TM) i5-1135G7 @ 2.40GHz, 8 cores, 7G,  Windows 11 , 64 bit Build 22621 (10.0.22621.3958)
Time: Wed Sep 18 15:27:05 2024 SE Asia Standard Time elapsed time: 0.012043 seconds (0d 0h 0m 0s)

---------------  T H R E A D  ---------------

Current thread (0x0000022a2480d8d0):  JavaThread "Unknown thread" [_thread_in_vm, id=30380, stack(0x0000006462400000,0x0000006462500000)]

Stack: [0x0000006462400000,0x0000006462500000]
Native frames: (J=compiled Java code, j=interpreted, Vv=VM code, C=native code)
V  [jvm.dll+0x687bb9]
V  [jvm.dll+0x84142a]
V  [jvm.dll+0x8430ae]
V  [jvm.dll+0x843713]
V  [jvm.dll+0x24a35f]
V  [jvm.dll+0x684989]
V  [jvm.dll+0x67923a]
V  [jvm.dll+0x30af0b]
V  [jvm.dll+0x3123b6]
V  [jvm.dll+0x361dfe]
V  [jvm.dll+0x36202f]
V  [jvm.dll+0x2e0d38]
V  [jvm.dll+0x2e1ca4]
V  [jvm.dll+0x811f21]
V  [jvm.dll+0x36fb68]
V  [jvm.dll+0x7f0896]
V  [jvm.dll+0x3f3d2f]
V  [jvm.dll+0x3f58e1]
C  [jli.dll+0x528f]
C  [ucrtbase.dll+0x29333]
C  [KERNEL32.DLL+0x1257d]
C  [ntdll.dll+0x5af28]


---------------  P R O C E S S  ---------------

Threads class SMR info:
_java_thread_list=0x00007ff86446efd8, length=0, elements={
}

Java Threads: ( => current thread )

Other Threads:
  0x0000022a24868f50 GCTaskThread "GC Thread#0" [stack: 0x0000006462500000,0x0000006462600000] [id=30056]
  0x0000022a24879560 ConcurrentGCThread "G1 Main Marker" [stack: 0x0000006462600000,0x0000006462700000] [id=13480]
  0x0000022a2487a720 ConcurrentGCThread "G1 Conc#0" [stack: 0x0000006462700000,0x0000006462800000] [id=39052]

[error occurred during error reporting (printing all threads), id 0xc0000005, EXCEPTION_ACCESS_VIOLATION (0xc0000005) at pc=0x00007ff863c21907]

VM state: not at safepoint (not fully initialized)

VM Mutex/Monitor currently owned by a thread:  ([mutex/lock_event])
[0x0000022a248072a0] Heap_lock - owner thread: 0x0000022a2480d8d0

Heap address: 0x0000000084a00000, size: 1974 MB, Compressed Oops mode: 32-bit

CDS archive(s) mapped at: [0x0000000000000000-0x0000000000000000-0x0000000000000000), size 0, SharedBaseAddress: 0x0000000800000000, ArchiveRelocationMode: 1.
Narrow klass base: 0x0000000000000000, Narrow klass shift: 0, Narrow klass range: 0x0

GC Precious Log:
<Empty>

Heap:
 garbage-first heap   total 0K, used 0K [0x0000000084a00000, 0x0000000100000000)
  region size 1024K, 0 young (0K), 0 survivors (0K)
 Metaspace       used 0K, committed 0K, reserved 0K
  class space    used 0K, committed 0K, reserved 0K

Heap Regions: E=young(eden), S=young(survivor), O=old, HS=humongous(starts), HC=humongous(continues), CS=collection set, F=free, OA=open archive, CA=closed archive, TAMS=top-at-mark-start (previous, next)

Card table byte_map: [0x0000022a373f0000,0x0000022a377d0000] _byte_map_base: 0x0000022a36fcb000

Marking Bits (Prev, Next): (CMBitMap*) 0x0000022a24869570, (CMBitMap*) 0x0000022a248695b0
 Prev Bits: [0x0000022a37bb0000, 0x0000022a39a88000)
 Next Bits: [0x0000022a39a90000, 0x0000022a3b968000)

GC Heap History (0 events):
No events

Dll operation events (1 events):
Event: 0.006 Loaded shared library D:\Android\jbr\bin\java.dll

Deoptimization events (0 events):
No events

Classes unloaded (0 events):
No events

Classes redefined (0 events):
No events

Internal exceptions (0 events):
No events

VM Operations (0 events):
No events

Events (0 events):
No events


Dynamic libraries:
0x00007ff779df0000 - 0x00007ff779dfa000 	D:\Android\jbr\bin\java.exe
0x00007ff8d0ef0000 - 0x00007ff8d1107000 	C:\WINDOWS\SYSTEM32\ntdll.dll
0x00007ff8cec20000 - 0x00007ff8cece4000 	C:\WINDOWS\System32\KERNEL32.DLL
0x00007ff8ce6e0000 - 0x00007ff8cea8d000 	C:\WINDOWS\System32\KERNELBASE.dll
0x00007ff8ceb00000 - 0x00007ff8cec11000 	C:\WINDOWS\System32\ucrtbase.dll
0x00007ff8ad410000 - 0x00007ff8ad42b000 	D:\Android\jbr\bin\VCRUNTIME140.dll
0x00007ff8acb70000 - 0x00007ff8acb87000 	D:\Android\jbr\bin\jli.dll
0x00007ff8d0430000 - 0x00007ff8d05de000 	C:\WINDOWS\System32\USER32.dll
0x00007ff8b3d50000 - 0x00007ff8b3fe3000 	C:\WINDOWS\WinSxS\amd64_microsoft.windows.common-controls_6595b64144ccf1df_6.0.22621.3672_none_2713b9d173822955\COMCTL32.dll
0x00007ff8ce2d0000 - 0x00007ff8ce2f6000 	C:\WINDOWS\System32\win32u.dll
0x00007ff8cf380000 - 0x00007ff8cf427000 	C:\WINDOWS\System32\msvcrt.dll
0x00007ff8cecf0000 - 0x00007ff8ced19000 	C:\WINDOWS\System32\GDI32.dll
0x00007ff8ce5c0000 - 0x00007ff8ce6d9000 	C:\WINDOWS\System32\gdi32full.dll
0x00007ff8ce300000 - 0x00007ff8ce39a000 	C:\WINDOWS\System32\msvcp_win.dll
0x00007ff8cfdb0000 - 0x00007ff8cfde1000 	C:\WINDOWS\System32\IMM32.DLL
0x00007ff8af020000 - 0x00007ff8af02c000 	D:\Android\jbr\bin\vcruntime140_1.dll
0x00007ff87f6e0000 - 0x00007ff87f76d000 	D:\Android\jbr\bin\msvcp140.dll
0x00007ff863930000 - 0x00007ff8645b3000 	D:\Android\jbr\bin\server\jvm.dll
0x00007ff8d05e0000 - 0x00007ff8d0692000 	C:\WINDOWS\System32\ADVAPI32.dll
0x00007ff8d0d80000 - 0x00007ff8d0e29000 	C:\WINDOWS\System32\sechost.dll
0x00007ff8ce420000 - 0x00007ff8ce448000 	C:\WINDOWS\System32\bcrypt.dll
0x00007ff8cfdf0000 - 0x00007ff8cff04000 	C:\WINDOWS\System32\RPCRT4.dll
0x00007ff8cda80000 - 0x00007ff8cdacd000 	C:\WINDOWS\SYSTEM32\POWRPROF.dll
0x00007ff8c83a0000 - 0x00007ff8c83d4000 	C:\WINDOWS\SYSTEM32\WINMM.dll
0x00007ff8caf40000 - 0x00007ff8caf49000 	C:\WINDOWS\SYSTEM32\WSOCK32.dll
0x00007ff8c7e00000 - 0x00007ff8c7e0a000 	C:\WINDOWS\SYSTEM32\VERSION.dll
0x00007ff8cfd30000 - 0x00007ff8cfda1000 	C:\WINDOWS\System32\WS2_32.dll
0x00007ff8cda40000 - 0x00007ff8cda53000 	C:\WINDOWS\SYSTEM32\UMPDC.dll
0x00007ff8cd200000 - 0x00007ff8cd218000 	C:\WINDOWS\SYSTEM32\kernel.appcore.dll
0x00007ff8c5680000 - 0x00007ff8c568a000 	D:\Android\jbr\bin\jimage.dll
0x00007ff8cba40000 - 0x00007ff8cbc72000 	C:\WINDOWS\SYSTEM32\DBGHELP.DLL
0x00007ff8d0800000 - 0x00007ff8d0b8d000 	C:\WINDOWS\System32\combase.dll
0x00007ff8cee30000 - 0x00007ff8cef07000 	C:\WINDOWS\System32\OLEAUT32.dll
0x00007ff8c58d0000 - 0x00007ff8c5902000 	C:\WINDOWS\SYSTEM32\dbgcore.DLL
0x00007ff8ce3a0000 - 0x00007ff8ce41b000 	C:\WINDOWS\System32\bcryptPrimitives.dll
0x00007ff8b1750000 - 0x00007ff8b1775000 	D:\Android\jbr\bin\java.dll

dbghelp: loaded successfully - version: 4.0.5 - missing functions: none
symbol engine: initialized successfully - sym options: 0x614 - pdb path: .;D:\Android\jbr\bin;C:\WINDOWS\SYSTEM32;C:\WINDOWS\WinSxS\amd64_microsoft.windows.common-controls_6595b64144ccf1df_6.0.22621.3672_none_2713b9d173822955;D:\Android\jbr\bin\server

VM Arguments:
java_command: org.jetbrains.kotlin.cli.jvm.K2JVMCompiler @D:\AndroidProject\Instagram\app\build\20240918_15099053802428008696.compiler.options
java_class_path (initial): C:\Users\abc\.gradle\caches\modules-2\files-2.1\org.jetbrains.kotlin\kotlin-compiler-embeddable\1.9.0\2c8c3a7402becca891f12739b3e9fd2dc2adbd7a\kotlin-compiler-embeddable-1.9.0.jar;C:\Users\abc\.gradle\caches\modules-2\files-2.1\org.jetbrains.kotlin\kotlin-stdlib\1.9.0\8ee15ef0c67dc83d874f412d84378d7f0eb50b63\kotlin-stdlib-1.9.0.jar;C:\Users\abc\.gradle\caches\modules-2\files-2.1\org.jetbrains.kotlin\kotlin-script-runtime\1.9.0\4b3102cbbb7e1b58d9d1adf89563f00069ffa7d1\kotlin-script-runtime-1.9.0.jar;C:\Users\abc\.gradle\caches\modules-2\files-2.1\org.jetbrains.kotlin\kotlin-reflect\1.6.10\1cbe9c92c12a94eea200d23c2bbaedaf3daf5132\kotlin-reflect-1.6.10.jar;C:\Users\abc\.gradle\caches\modules-2\files-2.1\org.jetbrains.kotlin\kotlin-daemon-embeddable\1.9.0\186543f5e28cf8d9a0290fecc2cf34301c40a65c\kotlin-daemon-embeddable-1.9.0.jar;C:\Users\abc\.gradle\caches\modules-2\files-2.1\org.jetbrains.intellij.deps\trove4j\1.0.20200330\3afb14d5f9ceb459d724e907a21145e8ff394f02\trove4j-1.0.20200330.jar;C:\Users\abc\.gradle\caches\modules-2\files-2.1\org.jetbrains.kotlin\kotlin-stdlib-common\1.9.0\cd65c21cfd1eec4d44ef09f9f52b6d9f8a720636\kotlin-stdlib-common-1.9.0.jar;C:\Users\abc\.gradle\caches\modules-2\files-2.1\org.jetbrains\annotations\13.0\919f0dfe192fb4e063e7dacadee7f8bb9a2672a9\annotations-13.0.jar
Launcher Type: SUN_STANDARD

[Global flags]
     intx CICompilerCount                          = 4                                         {product} {ergonomic}
     uint ConcGCThreads                            = 2                                         {product} {ergonomic}
     uint G1ConcRefinementThreads                  = 8                                         {product} {ergonomic}
   size_t G1HeapRegionSize                         = 1048576                                   {product} {ergonomic}
    uintx GCDrainStackTargetSize                   = 64                                        {product} {ergonomic}
   size_t InitialHeapSize                          = 130023424                                 {product} {ergonomic}
   size_t MarkStackSize                            = 4194304                                   {product} {ergonomic}
   size_t MaxHeapSize                              = 2069889024                                {product} {ergonomic}
   size_t MinHeapDeltaBytes                        = 1048576                                   {product} {ergonomic}
   size_t MinHeapSize                              = 8388608                                   {product} {ergonomic}
    uintx NonNMethodCodeHeapSize                   = 5839372                                {pd product} {ergonomic}
    uintx NonProfiledCodeHeapSize                  = 122909434                              {pd product} {ergonomic}
    uintx ProfiledCodeHeapSize                     = 122909434                              {pd product} {ergonomic}
    uintx ReservedCodeCacheSize                    = 251658240                              {pd product} {ergonomic}
     bool SegmentedCodeCache                       = true                                      {product} {ergonomic}
   size_t SoftMaxHeapSize                          = 2069889024                             {manageable} {ergonomic}
     bool UseCompressedClassPointers               = true                           {product lp64_product} {ergonomic}
     bool UseCompressedOops                        = true                           {product lp64_product} {ergonomic}
     bool UseG1GC                                  = true                                      {product} {ergonomic}
     bool UseLargePagesIndividualAllocation        = false                                  {pd product} {ergonomic}

Logging:
Log output configuration:
 #0: stdout all=warning uptime,level,tags
 #1: stderr all=off uptime,level,tags

Environment Variables:
JAVA_HOME=C:\Program Files\Java\jdk-21
PATH=C:\Program Files (x86)\VMware\VMware Player\bin\;C:\Python312\Scripts\;C:\Python312\;C:\Program Files\Common Files\Oracle\Java\javapath;C:\WINDOWS\system32;C:\WINDOWS;C:\WINDOWS\System32\Wbem;C:\WINDOWS\System32\WindowsPowerShell\v1.0\;C:\WINDOWS\System32\OpenSSH\;C:\MinGW\bin;C:\Program Files\Java\jdk-21\bin;C:\Program Files\Git\cmd;C:\Users\abc\AppData\Roaming\Microsoft\Windows\Start Menu\Programs\Python 3.12;C:\Users\abc\AppData\Local\Programs\Python\Python311\python.exe;C:\ProgramData\chocolatey\bin;C:\Program Files\MySQL\MySQL Server 8.0\bin;D:\AndroidSDK\platform-tools;D:\AndroidSDK\cmdline-tools\latest\bin;C:\Program Files\MySQL\MySQL Shell 8.0\bin\;C:\Users\abc\AppData\Local\Programs\Python\Python311\Scripts\;C:\Users\abc\AppData\Local\Programs\Python\Python311\;C:\Users\abc\AppData\Local\Microsoft\WindowsApps;;C:\Program Files\JetBrains\PyCharm Community Edition 2022.3.3\bin;;C:\Users\abc\AppData\Local\Programs\Microsoft VS Code\bin
USERNAME=abc
OS=Windows_NT
PROCESSOR_IDENTIFIER=Intel64 Family 6 Model 140 Stepping 1, GenuineIntel
TMP=C:\Users\abc\AppData\Local\Temp
TEMP=C:\Users\abc\AppData\Local\Temp



Periodic native trim disabled

JNI global refs:
JNI global refs: 0, weak refs: 0

JNI global refs memory usage: 0, weak refs: 0

Process memory usage:
Resident Set Size: 11184K (0% of 8077608K total physical memory with 493052K free physical memory)

OOME stack traces (most recent first):
Classloader memory used:


---------------  S Y S T E M  ---------------

OS:
 Windows 11 , 64 bit Build 22621 (10.0.22621.3958)
OS uptime: 19 days 4:11 hours
Hyper-V role detected

CPU: total 8 (initial active 8) (4 cores per cpu, 2 threads per core) family 6 model 140 stepping 1 microcode 0x9a, cx8, cmov, fxsr, ht, mmx, 3dnowpref, sse, sse2, sse3, ssse3, sse4.1, sse4.2, popcnt, lzcnt, tsc, tscinvbit, avx, avx2, aes, erms, clmul, bmi1, bmi2, adx, avx512f, avx512dq, avx512cd, avx512bw, avx512vl, sha, fma, vzeroupper, avx512_vpopcntdq, avx512_vpclmulqdq, avx512_vaes, avx512_vnni, clflush, clflushopt, clwb, avx512_vbmi2, avx512_vbmi, hv
Processor Information for processor 0
  Max Mhz: 2419, Current Mhz: 2419, Mhz Limit: 2419
Processor Information for processor 1
  Max Mhz: 2419, Current Mhz: 2419, Mhz Limit: 2419
Processor Information for processor 2
  Max Mhz: 2419, Current Mhz: 2419, Mhz Limit: 2419
Processor Information for processor 3
  Max Mhz: 2419, Current Mhz: 2419, Mhz Limit: 2419
Processor Information for processor 4
  Max Mhz: 2419, Current Mhz: 2419, Mhz Limit: 2419
Processor Information for processor 5
  Max Mhz: 2419, Current Mhz: 2419, Mhz Limit: 2419
Processor Information for processor 6
  Max Mhz: 2419, Current Mhz: 2419, Mhz Limit: 2419
Processor Information for processor 7
  Max Mhz: 2419, Current Mhz: 1209, Mhz Limit: 2419

Memory: 4k page, system-wide physical 7888M (481M free)
TotalPageFile size 21239M (AvailPageFile size 77M)
current process WorkingSet (physical memory assigned to process): 10M, peak: 10M
current process commit charge ("private bytes"): 60M, peak: 184M

vm_info: OpenJDK 64-Bit Server VM (17.0.11+0--11852314) for windows-amd64 JRE (17.0.11+0--11852314), built on May 16 2024 21:29:20 by "androidbuild" with MS VC++ 16.10 / 16.11 (VS2019)

END.
